-------------------------------------------Initialization-------------------------------------------
NaN Rate:0.200000
Actual NaN Rate:0.200000
----------------------------------------------------------------------------------------------------
NaN Rate : 0.2
mu : [1 2 6]
Sigma:
 [[118  62  44]
 [ 62  49  17]
 [ 44  17  21]]
----------------------------------------------------------------------------------------------------
Imputed mu : [1.242 2.129 6.092]
Imputed Sigma:
 [[120.107  63.124  44.116]
 [ 63.124  49.872  17.118]
 [ 44.116  17.118  20.948]]
----------------------------------------------------------------------------------------------------
x_truth                       		x_missing                     		x_imputed                     
----------------------------------------------------------------------------------------------------
[13.768 11.276 12.856]        		[13.768 11.276    nan]        		[9.761]                       
[2.275 4.083 6.369]           		[2.275 4.083   nan]           		[5.958]                       
[-16.557  -7.81   -0.28 ]     		[-16.557     nan     nan]     		[-7.226 -0.446]               
[-3.529  0.393  3.63 ]        		[-3.529  0.393    nan]        		[4.059]                       
[11.018 -5.547 14.012]        		[11.018    nan    nan]        		[7.267 9.683]                 
[-26.798 -24.544   2.028]     		[-26.798     nan   2.028]     		[-20.583]                     
[-24.612 -13.364  -6.59 ]     		[    nan -13.364  -6.59 ]     		[-29.336]                     
[-12.234  -5.829  -1.683]     		[   nan -5.829 -1.683]        		[-16.342]                     
[-2.083  4.289  4.207]        		[-2.083  4.289    nan]        		[3.45]                        
[-0.363 -4.435  8.031]        		[-0.363    nan  8.031]        		[-1.949]                      
----------------------------------------------------------------------------------------------------
-------------------------------------------Initialization-------------------------------------------
NaN Rate:0.233333
Actual NaN Rate:0.234500
----------------------------------------------------------------------------------------------------
NaN Rate : 0.23333333333333334
mu : [1 2 6]
Sigma:
 [[118  62  44]
 [ 62  49  17]
 [ 44  17  21]]
----------------------------------------------------------------------------------------------------
Imputed mu : [1.205 2.135 6.088]
Imputed Sigma:
 [[120.364  63.046  44.312]
 [ 63.046  50.016  17.057]
 [ 44.312  17.057  21.021]]
----------------------------------------------------------------------------------------------------
x_truth                       		x_missing                     		x_imputed                     
----------------------------------------------------------------------------------------------------
[3.348 4.901 6.226]           		[  nan 4.901   nan]           		[4.692 7.031]                 
[12.669  8.48   9.818]        		[ nan 8.48  nan]              		[9.204 8.252]                 
[5.78  6.021 6.289]           		[5.78    nan 6.289]           		[6.469]                       
[ 2.12  -3.885 11.165]        		[ 2.12  -3.885    nan]        		[8.778]                       
[-4.179 -3.482  4.298]        		[-4.179 -3.482    nan]        		[5.118]                       
[-1.568  1.942  3.537]        		[-1.568    nan  3.537]        		[2.682]                       
[-4.986 -0.381  1.237]        		[-4.986    nan  1.237]        		[2.253]                       
[3.565 1.555 8.255]           		[  nan   nan 8.255]           		[5.775 3.894]                 
[-12.551  -5.812  -0.612]     		[   nan -5.812 -0.612]        		[-14.797]                     
[ 5.146 10.464  7.008]        		[5.146   nan   nan]           		[4.199 7.538]                 
----------------------------------------------------------------------------------------------------
-------------------------------------------Initialization-------------------------------------------
NaN Rate:0.266667
Actual NaN Rate:0.266833
----------------------------------------------------------------------------------------------------
NaN Rate : 0.26666666666666666
mu : [1 2 6]
Sigma:
 [[118  62  44]
 [ 62  49  17]
 [ 44  17  21]]
----------------------------------------------------------------------------------------------------
Imputed mu : [1.221 2.129 6.112]
Imputed Sigma:
 [[120.781  63.084  44.479]
 [ 63.084  49.8    17.177]
 [ 44.479  17.177  21.023]]
----------------------------------------------------------------------------------------------------
x_truth                       		x_missing                     		x_imputed                     
----------------------------------------------------------------------------------------------------
[10.603  9.778  8.637]        		[10.603  9.778    nan]        		[8.58]                        
[1.18  6.81  8.169]           		[1.18    nan 8.169]           		[-0.594]                      
[-18.418  -5.621  -2.601]     		[-18.418     nan  -2.601]     		[-6.197]                      
[-0.116 10.249  2.605]        		[   nan 10.249  2.605]        		[2.014]                       
[21.394 17.107 11.905]        		[21.394 17.107    nan]        		[11.946]                      
[-12.685  -9.515   2.978]     		[nan nan nan]                 		[-22.577 -11.178  -0.139]     
[-4.179 -3.482  4.298]        		[-4.179 -3.482    nan]        		[5.127]                       
[7.387 1.225 8.733]           		[  nan 1.225 8.733]           		[4.488]                       
[-5.696 -4.91   5.191]        		[  nan   nan 5.191]           		[-0.73   1.376]               
[-12.879  -8.605   1.964]     		[-12.879  -8.605     nan]     		[2.13]                        
----------------------------------------------------------------------------------------------------
-------------------------------------------Initialization-------------------------------------------
NaN Rate:0.300000
Actual NaN Rate:0.303167
----------------------------------------------------------------------------------------------------
NaN Rate : 0.30000000000000004
mu : [1 2 6]
Sigma:
 [[118  62  44]
 [ 62  49  17]
 [ 44  17  21]]
----------------------------------------------------------------------------------------------------
Imputed mu : [1.245 2.127 6.132]
Imputed Sigma:
 [[120.748  63.415  44.372]
 [ 63.415  50.017  17.255]
 [ 44.372  17.255  20.911]]
----------------------------------------------------------------------------------------------------
x_truth                       		x_missing                     		x_imputed                     
----------------------------------------------------------------------------------------------------
[4.444 4.519 7.742]           		[4.444   nan 7.742]           		[3.238]                       
[9.606 5.56  8.635]           		[  nan 5.56  8.635]           		[7.581]                       
[-0.051 -2.753  7.797]        		[-0.051    nan    nan]        		[1.446 5.656]                 
[ 4.801 -1.19  11.219]        		[   nan -1.19  11.219]        		[6.41]                        
[9.317 8.587 8.956]           		[  nan 8.587 8.956]           		[10.33]                       
[ 8.364  6.722 11.126]        		[   nan  6.722 11.126]        		[12.197]                      
[16.514 13.234 11.47 ]        		[   nan 13.234    nan]        		[15.327  9.964]               
[-4.179 -3.482  4.298]        		[-4.179 -3.482    nan]        		[5.138]                       
[8.09  4.19  8.009]           		[8.09    nan 8.009]           		[6.561]                       
[-1.604 -7.34   8.534]        		[  nan   nan 8.534]           		[6.341 4.109]                 
----------------------------------------------------------------------------------------------------
-------------------------------------------Initialization-------------------------------------------
NaN Rate:0.333333
Actual NaN Rate:0.332500
----------------------------------------------------------------------------------------------------
NaN Rate : 0.33333333333333337
mu : [1 2 6]
Sigma:
 [[118  62  44]
 [ 62  49  17]
 [ 44  17  21]]
----------------------------------------------------------------------------------------------------
Imputed mu : [1.261 2.138 6.151]
Imputed Sigma:
 [[120.048  62.801  44.255]
 [ 62.801  49.104  17.091]
 [ 44.255  17.091  20.913]]
----------------------------------------------------------------------------------------------------
x_truth                       		x_missing                     		x_imputed                     
----------------------------------------------------------------------------------------------------
[10.916  5.089  8.655]        		[10.916    nan  8.655]        		[8.578]                       
[-5.375 -2.979  5.555]        		[   nan -2.979  5.555]        		[-3.509]                      
[12.275  2.419 13.07 ]        		[   nan  2.419 13.07 ]        		[11.831]                      
[6.021 4.897 7.841]           		[6.021 4.897   nan]           		[7.806]                       
[-4.884  1.431  1.587]        		[  nan 1.431 1.587]           		[-6.105]                      
[8.548 5.763 8.424]           		[8.548 5.763   nan]           		[8.907]                       
[ 3.101 -0.919  7.984]        		[   nan -0.919    nan]        		[-2.648  5.088]               
[15.891 10.646 11.598]        		[15.891    nan    nan]        		[ 9.791 11.545]               
[-4.179 -3.482  4.298]        		[-4.179    nan    nan]        		[-0.708  4.146]               
[-3.239 -9.491  8.269]        		[nan nan nan]                 		[-22.459 -11.105  -0.14 ]     
----------------------------------------------------------------------------------------------------
-------------------------------------------Initialization-------------------------------------------
NaN Rate:0.366667
Actual NaN Rate:0.364667
----------------------------------------------------------------------------------------------------
NaN Rate : 0.3666666666666667
mu : [1 2 6]
Sigma:
 [[118  62  44]
 [ 62  49  17]
 [ 44  17  21]]
----------------------------------------------------------------------------------------------------
Imputed mu : [1.254 2.138 6.163]
Imputed Sigma:
 [[120.221  63.319  44.52 ]
 [ 63.319  49.493  17.476]
 [ 44.52   17.476  20.997]]
----------------------------------------------------------------------------------------------------
x_truth                       		x_missing                     		x_imputed                     
----------------------------------------------------------------------------------------------------
[19.561  5.204 18.396]        		[19.561  5.204    nan]        		[15.375]                      
[24.737 15.596 15.113]        		[   nan 15.596    nan]        		[18.472 10.915]               
[-4.516 -0.142  1.527]        		[   nan -0.142  1.527]        		[-7.389]                      
[6.946 5.305 5.839]           		[  nan   nan 5.839]           		[0.568 1.869]                 
[0.584 1.767 7.203]           		[0.584 1.767   nan]           		[5.921]                       
[ 1.497 -3.33   7.469]        		[   nan -3.33   7.469]        		[-0.903]                      
[ 1.579 -1.753 10.295]        		[1.579   nan   nan]           		[2.309 6.283]                 
[9.297 4.18  9.95 ]           		[ nan  nan 9.95]              		[9.284 5.29 ]                 
[-4.179 -3.482  4.298]        		[nan nan nan]                 		[-22.477 -11.198  -0.19 ]     
[15.803  8.072 10.385]        		[   nan    nan 10.385]        		[10.206  5.652]               
----------------------------------------------------------------------------------------------------
-------------------------------------------Initialization-------------------------------------------
NaN Rate:0.400000
Actual NaN Rate:0.399500
----------------------------------------------------------------------------------------------------
NaN Rate : 0.4
mu : [1 2 6]
Sigma:
 [[118  62  44]
 [ 62  49  17]
 [ 44  17  21]]
----------------------------------------------------------------------------------------------------
Imputed mu : [1.285 2.061 6.211]
Imputed Sigma:
 [[121.56   64.048  44.684]
 [ 64.048  49.564  17.719]
 [ 44.684  17.719  20.901]]
----------------------------------------------------------------------------------------------------
x_truth                       		x_missing                     		x_imputed                     
----------------------------------------------------------------------------------------------------
[-3.042  6.21   1.238]        		[-3.042  6.21     nan]        		[2.254]                       
[-6.486 -0.103  4.531]        		[-6.486    nan  4.531]        		[-3.565]                      
[-1.592 -1.835  8.185]        		[   nan -1.835    nan]        		[-3.748  4.819]               
[-15.736  -3.895   1.024]     		[  nan   nan 1.024]           		[-9.806 -2.337]               
[ 1.01  -2.135  8.267]        		[1.01    nan 8.267]           		[-0.891]                      
[-13.14  -13.4     5.118]     		[  nan   nan 5.118]           		[-1.052  1.134]               
[-4.042  0.964  5.438]        		[nan nan nan]                 		[-22.586 -11.313  -0.13 ]     
[-12.644   1.604   0.102]     		[-12.644     nan   0.102]     		[-3.991]                      
[-1.004 -1.624  5.389]        		[  nan   nan 5.389]           		[-0.473  1.364]               
[-5.259 -5.448  4.442]        		[-5.259 -5.448    nan]        		[5.301]                       
----------------------------------------------------------------------------------------------------
-------------------------------------------Initialization-------------------------------------------
NaN Rate:0.433333
Actual NaN Rate:0.431167
----------------------------------------------------------------------------------------------------
NaN Rate : 0.43333333333333335
mu : [1 2 6]
Sigma:
 [[118  62  44]
 [ 62  49  17]
 [ 44  17  21]]
----------------------------------------------------------------------------------------------------
Imputed mu : [1.362 2.077 6.215]
Imputed Sigma:
 [[120.974  63.456  44.365]
 [ 63.456  49.225  17.358]
 [ 44.365  17.358  20.798]]
----------------------------------------------------------------------------------------------------
x_truth                       		x_missing                     		x_imputed                     
----------------------------------------------------------------------------------------------------
[-8.001  0.508  1.77 ]        		[-8.001    nan    nan]        		[-2.834  2.781]               
[-7.99  -2.21   0.347]        		[  nan -2.21   nan]           		[-4.165  4.703]               
[6.906 7.331 6.927]           		[nan nan nan]                 		[-22.45  -11.219  -0.078]     
[8.566 2.189 9.908]           		[8.566 2.189   nan]           		[10.218]                      
[-2.798 -0.635  7.066]        		[nan nan nan]                 		[-22.45  -11.219  -0.078]     
[21.004 15.743  9.798]        		[21.004    nan    nan]        		[12.381 13.419]               
[16.721  5.811 11.468]        		[16.721  5.811    nan]        		[13.452]                      
[-5.147 -3.394  3.096]        		[   nan -3.394    nan]        		[-5.691  4.286]               
[4.804 3.608 6.392]           		[4.804 3.608   nan]           		[7.58]                        
[-5.259 -5.448  4.442]        		[-5.259 -5.448    nan]        		[5.291]                       
----------------------------------------------------------------------------------------------------
-------------------------------------------Initialization-------------------------------------------
NaN Rate:0.466667
Actual NaN Rate:0.466333
----------------------------------------------------------------------------------------------------
NaN Rate : 0.4666666666666667
mu : [1 2 6]
Sigma:
 [[118  62  44]
 [ 62  49  17]
 [ 44  17  21]]
----------------------------------------------------------------------------------------------------
Imputed mu : [1.408 2.074 6.253]
Imputed Sigma:
 [[120.792  64.044  44.236]
 [ 64.044  49.768  17.532]
 [ 44.236  17.532  20.649]]
----------------------------------------------------------------------------------------------------
x_truth                       		x_missing                     		x_imputed                     
----------------------------------------------------------------------------------------------------
[4.809 2.642 9.132]           		[  nan 2.642 9.132]           		[6.15]                        
[1.074 8.46  2.812]           		[1.074   nan   nan]           		[1.897 6.131]                 
[-15.186  -8.212   2.061]     		[   nan -8.212  2.061]        		[-12.681]                     
[-12.551  -5.812  -0.612]     		[nan nan nan]                 		[-22.365 -11.352  -0.049]     
[-5.176  4.905 -0.168]        		[nan nan nan]                 		[-22.365 -11.352  -0.049]     
[0.076 0.839 5.826]           		[nan nan nan]                 		[-22.365 -11.352  -0.049]     
[-4.123  8.484  2.477]        		[  nan   nan 2.477]           		[-6.682 -1.132]               
[ 1.199 10.48   1.333]        		[1.199   nan   nan]           		[1.964 6.177]                 
[8.099 9.344 9.097]           		[  nan 9.344 9.097]           		[11.188]                      
[-5.259 -5.448  4.442]        		[-5.259 -5.448    nan]        		[5.305]                       
----------------------------------------------------------------------------------------------------
-------------------------------------------Initialization-------------------------------------------
NaN Rate:0.500000
Actual NaN Rate:0.503500
----------------------------------------------------------------------------------------------------
NaN Rate : 0.5
mu : [1 2 6]
Sigma:
 [[118  62  44]
 [ 62  49  17]
 [ 44  17  21]]
----------------------------------------------------------------------------------------------------
Imputed mu : [1.366 2.074 6.227]
Imputed Sigma:
 [[120.297  64.274  43.933]
 [ 64.274  49.609  17.658]
 [ 43.933  17.658  20.569]]
----------------------------------------------------------------------------------------------------
x_truth                       		x_missing                     		x_imputed                     
----------------------------------------------------------------------------------------------------
[10.292 16.436  4.463]        		[10.292 16.436    nan]        		[5.834]                       
[4.271 5.096 6.618]           		[4.271   nan   nan]           		[3.626 7.288]                 
[-12.111  -8.847   3.491]     		[nan nan nan]                 		[-22.387 -11.356  -0.036]     
[-2.506 -1.493  4.553]        		[-2.506    nan    nan]        		[0.005 4.813]                 
[-3.138  3.732  5.265]        		[  nan   nan 5.265]           		[-0.689  1.249]               
[-2.144 -6.81   7.114]        		[  nan -6.81   nan]           		[-10.144   3.065]             
[-12.441 -10.931   0.372]     		[-12.441 -10.931     nan]     		[3.328]                       
[-4.521  7.131 -0.458]        		[nan nan nan]                 		[-22.387 -11.356  -0.036]     
[-6.903 -5.347  5.328]        		[  nan   nan 5.328]           		[-0.553  1.303]               
[-5.259 -5.448  4.442]        		[-5.259 -5.448    nan]        		[5.324]                       
----------------------------------------------------------------------------------------------------
